<!DOCTYPE html PUBLIC "-//W3C//DTD XHTML 1.1//EN" "http://www.w3.org/TR/xhtml11/DTD/xhtml11.dtd">
<html xmlns="http://www.w3.org/1999/xhtml">
<head>
<meta http-equiv="content-type" content="text/html; charset=UTF-8"/>
<title>TestNG Report</title>
<style type="text/css">table {margin-bottom:10px;border-collapse:collapse;empty-cells:show}th,td {border:1px solid #009;padding:.25em .5em}th {vertical-align:bottom}td {vertical-align:top}table a {font-weight:bold}.stripe td {background-color: #E6EBF9}.num {text-align:right}.passedodd td {background-color: #3F3}.passedeven td {background-color: #0A0}.skippedodd td {background-color: #DDD}.skippedeven td {background-color: #CCC}.failedodd td,.attn {background-color: #F33}.failedeven td,.stripe .attn {background-color: #D00}.stacktrace {white-space:pre;font-family:monospace}.totop {font-size:85%;text-align:center;border-bottom:2px solid #000}.invisible {display:none}</style>
</head>
<body>
<table>
<tr><th>Test</th><th># Passed</th><th># Skipped</th><th># Failed</th><th>Time (ms)</th><th>Included Groups</th><th>Excluded Groups</th></tr>
<tr><th colspan="7">Suite</th></tr>
<tr><td><a href="#t0">Test</a></td><td class="num">2</td><td class="num">0</td><td class="num attn">2</td><td class="num">252,901</td><td></td><td></td></tr>
</table>
<table id='summary'><thead><tr><th>Class</th><th>Method</th><th>Start</th><th>Time (ms)</th></tr></thead><tbody><tr><th colspan="4">Suite</th></tr></tbody><tbody id="t0"><tr><th colspan="4">Test &#8212; failed</th></tr><tr class="failedeven"><td rowspan="1">com.actitime.tests.VerfiyVersionTest</td><td><a href="#m0">testVerifyVersion</a></td><td rowspan="1">1563885903562</td><td rowspan="1">30688</td></tr><tr class="failedodd"><td rowspan="1">com.actitime.tests.VerifyBuildNoTest</td><td><a href="#m1">testVerifyBuildNo</a></td><td rowspan="1">1563885961996</td><td rowspan="1">18685</td></tr><tr><th colspan="4">Test &#8212; passed</th></tr><tr class="passedeven"><td rowspan="1">com.actitime.tests.InvalidLoginTest</td><td><a href="#m2">testInvalidLogin</a></td><td rowspan="1">1563885843602</td><td rowspan="1">17447</td></tr><tr class="passedodd"><td rowspan="1">com.actitime.tests.ValidLoginLogoutTest</td><td><a href="#m3">testValidLoginLogout</a></td><td rowspan="1">1563885789828</td><td rowspan="1">7975</td></tr></tbody>
</table>
<h2>Test</h2><h3 id="m0">com.actitime.tests.VerfiyVersionTest#testVerifyVersion</h3><table class="result"><tr><th>Messages</th></tr><tr><td><div class="messages">Tittle is matching :actiTIME - Login<br/>Element is not Present</div></td></tr><tr><th>Exception</th></tr><tr><td><div class="stacktrace">java.lang.AssertionError: null
	at com.actitime.pages.BasePage.verifyElement(BasePage.java:45)
	at com.actitime.pages.LoginPage.verifyVersion(LoginPage.java:58)
	at com.actitime.tests.VerfiyVersionTest.testVerifyVersion(VerfiyVersionTest.java:22)
... Removed 27 stack frames</div></td></tr></table><p class="totop"><a href="#summary">back to summary</a></p>
<h3 id="m1">com.actitime.tests.VerifyBuildNoTest#testVerifyBuildNo</h3><table class="result"><tr><th>Messages</th></tr><tr><td><div class="messages">Tittle is matching :actiTIME - Login<br/>Tittle is matching :actiTIME - Enter Time-Track</div></td></tr><tr><th>Exception</th></tr><tr><td><div class="stacktrace">org.openqa.selenium.NoSuchElementException: no such element: Unable to locate element: {&quot;method&quot;:&quot;xpath&quot;,&quot;selector&quot;:&quot;//div[@class=&apos;popup_menu_icon support_icon&apos;]&quot;}
  (Session info: chrome=75.0.3770.142)
  (Driver info: chromedriver=2.43.600210 (68dcf5eebde37173d4027fa8635e332711d2874a),platform=Windows NT 6.1.7601 SP1 x86_64) (WARNING: The server did not provide any stacktrace information)
Command duration or timeout: 0 milliseconds
For documentation on this error, please visit: https://www.seleniumhq.org/exceptions/no_such_element.html
Build info: version: &apos;3.141.59&apos;, revision: &apos;e82be7d358&apos;, time: &apos;2018-11-14T08:17:03&apos;
System info: host: &apos;RAGHAVENDRA&apos;, ip: &apos;172.16.136.46&apos;, os.name: &apos;Windows 7&apos;, os.arch: &apos;amd64&apos;, os.version: &apos;6.1&apos;, java.version: &apos;1.8.0_181&apos;
Driver info: org.openqa.selenium.chrome.ChromeDriver
Capabilities {acceptInsecureCerts: false, acceptSslCerts: false, applicationCacheEnabled: false, browserConnectionEnabled: false, browserName: chrome, chrome: {chromedriverVersion: 2.43.600210 (68dcf5eebde371..., userDataDir: C:\Users\RAGHAV~1\AppData\L...}, cssSelectorsEnabled: true, databaseEnabled: false, goog:chromeOptions: {debuggerAddress: localhost:49333}, handlesAlerts: true, hasTouchScreen: false, javascriptEnabled: true, locationContextEnabled: true, mobileEmulationEnabled: false, nativeEvents: true, networkConnectionEnabled: false, pageLoadStrategy: normal, platform: XP, platformName: XP, rotatable: false, setWindowRect: true, takesHeapSnapshot: true, takesScreenshot: true, unexpectedAlertBehaviour: , unhandledPromptBehavior: , version: 75.0.3770.142, webStorageEnabled: true}
Session ID: 2b4ad6adb5c864cde9611bd7fb7ad9b9
*** Element info: {Using=xpath, value=//div[@class=&apos;popup_menu_icon support_icon&apos;]}
	at org.openqa.selenium.remote.ErrorHandler.createThrowable(ErrorHandler.java:214)
	at org.openqa.selenium.remote.ErrorHandler.throwIfResponseFailed(ErrorHandler.java:166)
	at org.openqa.selenium.remote.http.JsonHttpResponseCodec.reconstructValue(JsonHttpResponseCodec.java:40)
	at org.openqa.selenium.remote.http.AbstractHttpResponseCodec.decode(AbstractHttpResponseCodec.java:80)
	at org.openqa.selenium.remote.http.AbstractHttpResponseCodec.decode(AbstractHttpResponseCodec.java:44)
	at org.openqa.selenium.remote.HttpCommandExecutor.execute(HttpCommandExecutor.java:158)
	at org.openqa.selenium.remote.service.DriverCommandExecutor.execute(DriverCommandExecutor.java:83)
	at org.openqa.selenium.remote.RemoteWebDriver.execute(RemoteWebDriver.java:552)
	at org.openqa.selenium.remote.RemoteWebDriver.findElement(RemoteWebDriver.java:323)
	at org.openqa.selenium.remote.RemoteWebDriver.findElementByXPath(RemoteWebDriver.java:428)
	at org.openqa.selenium.By$ByXPath.findElement(By.java:353)
	at org.openqa.selenium.remote.RemoteWebDriver.findElement(RemoteWebDriver.java:315)
	at org.openqa.selenium.support.pagefactory.DefaultElementLocator.findElement(DefaultElementLocator.java:69)
	at org.openqa.selenium.support.pagefactory.internal.LocatingElementHandler.invoke(LocatingElementHandler.java:38)
	at com.sun.proxy.$Proxy9.click(Unknown Source)
	at com.actitime.pages.EnterTimeTrackerPage.clickOnHelp(EnterTimeTrackerPage.java:37)
	at com.actitime.tests.VerifyBuildNoTest.testVerifyBuildNo(VerifyBuildNoTest.java:44)
... Removed 29 stack frames</div></td></tr></table><p class="totop"><a href="#summary">back to summary</a></p>
<h3 id="m2">com.actitime.tests.InvalidLoginTest#testInvalidLogin</h3><table class="result"><tr><th>Messages</th></tr><tr><td><div class="messages">Tittle is matching :actiTIME - Login<br/>Invalid UN :admin<br/>Invalid pw :admin<br/>Element is Present<br/>Actual error Meassge is :Username or Password is invalid. Please try again.<br/>Expected error Meassge is :Username or Password is invalid. Please try again.<br/>Error message is matching...........<br/>===========================,<br/>Invalid UN :admin<br/>Invalid pw :mang<br/>Element is Present<br/>Actual error Meassge is :Username or Password is invalid. Please try again.<br/>Expected error Meassge is :Username or Password is invalid. Please try again.<br/>Error message is matching...........<br/>===========================,<br/>Invalid UN :admin<br/>Invalid pw :admin<br/>Element is Present<br/>Actual error Meassge is :Username or Password is invalid. Please try again.<br/>Expected error Meassge is :Username or Password is invalid. Please try again.<br/>Error message is matching...........<br/>===========================,<br/>Invalid UN :admin<br/>Invalid pw :admin<br/>Element is Present<br/>Actual error Meassge is :Username or Password is invalid. Please try again.<br/>Expected error Meassge is :Username or Password is invalid. Please try again.<br/>Error message is matching...........<br/>===========================,<br/>Invalid UN :mang<br/>Invalid pw :admin<br/>Element is Present<br/>Actual error Meassge is :Username or Password is invalid. Please try again.<br/>Expected error Meassge is :Username or Password is invalid. Please try again.<br/>Error message is matching...........<br/>===========================,<br/>Invalid UN :admin<br/>Invalid pw :admin<br/>Element is Present<br/>Actual error Meassge is :Username or Password is invalid. Please try again.<br/>Expected error Meassge is :Username or Password is invalid. Please try again.<br/>Error message is matching...........<br/>===========================,</div></td></tr></table><p class="totop"><a href="#summary">back to summary</a></p>
<h3 id="m3">com.actitime.tests.ValidLoginLogoutTest#testValidLoginLogout</h3><table class="result"><tr><th>Messages</th></tr><tr><td><div class="messages">Tittle is matching :actiTIME - Login<br/>Tittle is matching :actiTIME - Enter Time-Track<br/>Tittle is matching :actiTIME - Login</div></td></tr></table><p class="totop"><a href="#summary">back to summary</a></p>
</body>
</html>
