<?xml version="1.0" encoding="UTF-8"?>
<testng-results skipped="0" failed="2" ignored="0" total="4" passed="2">
  <reporter-output>
    <line>
      <![CDATA[Tittle is matching :actiTIME - Login]]>
    </line>
    <line>
      <![CDATA[Tittle is matching :actiTIME - Enter Time-Track]]>
    </line>
    <line>
      <![CDATA[Tittle is matching :actiTIME - Login]]>
    </line>
    <line>
      <![CDATA[Tittle is matching :actiTIME - Login]]>
    </line>
    <line>
      <![CDATA[Invalid UN :admin]]>
    </line>
    <line>
      <![CDATA[Invalid pw :admin]]>
    </line>
    <line>
      <![CDATA[Element is Present]]>
    </line>
    <line>
      <![CDATA[Actual error Meassge is :Username or Password is invalid. Please try again.]]>
    </line>
    <line>
      <![CDATA[Expected error Meassge is :Username or Password is invalid. Please try again.]]>
    </line>
    <line>
      <![CDATA[Error message is matching...........]]>
    </line>
    <line>
      <![CDATA[===========================,]]>
    </line>
    <line>
      <![CDATA[Invalid UN :admin]]>
    </line>
    <line>
      <![CDATA[Invalid pw :mang]]>
    </line>
    <line>
      <![CDATA[Element is Present]]>
    </line>
    <line>
      <![CDATA[Actual error Meassge is :Username or Password is invalid. Please try again.]]>
    </line>
    <line>
      <![CDATA[Expected error Meassge is :Username or Password is invalid. Please try again.]]>
    </line>
    <line>
      <![CDATA[Error message is matching...........]]>
    </line>
    <line>
      <![CDATA[===========================,]]>
    </line>
    <line>
      <![CDATA[Invalid UN :admin]]>
    </line>
    <line>
      <![CDATA[Invalid pw :admin]]>
    </line>
    <line>
      <![CDATA[Element is Present]]>
    </line>
    <line>
      <![CDATA[Actual error Meassge is :Username or Password is invalid. Please try again.]]>
    </line>
    <line>
      <![CDATA[Expected error Meassge is :Username or Password is invalid. Please try again.]]>
    </line>
    <line>
      <![CDATA[Error message is matching...........]]>
    </line>
    <line>
      <![CDATA[===========================,]]>
    </line>
    <line>
      <![CDATA[Invalid UN :admin]]>
    </line>
    <line>
      <![CDATA[Invalid pw :admin]]>
    </line>
    <line>
      <![CDATA[Element is Present]]>
    </line>
    <line>
      <![CDATA[Actual error Meassge is :Username or Password is invalid. Please try again.]]>
    </line>
    <line>
      <![CDATA[Expected error Meassge is :Username or Password is invalid. Please try again.]]>
    </line>
    <line>
      <![CDATA[Error message is matching...........]]>
    </line>
    <line>
      <![CDATA[===========================,]]>
    </line>
    <line>
      <![CDATA[Invalid UN :mang]]>
    </line>
    <line>
      <![CDATA[Invalid pw :admin]]>
    </line>
    <line>
      <![CDATA[Element is Present]]>
    </line>
    <line>
      <![CDATA[Actual error Meassge is :Username or Password is invalid. Please try again.]]>
    </line>
    <line>
      <![CDATA[Expected error Meassge is :Username or Password is invalid. Please try again.]]>
    </line>
    <line>
      <![CDATA[Error message is matching...........]]>
    </line>
    <line>
      <![CDATA[===========================,]]>
    </line>
    <line>
      <![CDATA[Invalid UN :admin]]>
    </line>
    <line>
      <![CDATA[Invalid pw :admin]]>
    </line>
    <line>
      <![CDATA[Element is Present]]>
    </line>
    <line>
      <![CDATA[Actual error Meassge is :Username or Password is invalid. Please try again.]]>
    </line>
    <line>
      <![CDATA[Expected error Meassge is :Username or Password is invalid. Please try again.]]>
    </line>
    <line>
      <![CDATA[Error message is matching...........]]>
    </line>
    <line>
      <![CDATA[===========================,]]>
    </line>
    <line>
      <![CDATA[Tittle is matching :actiTIME - Login]]>
    </line>
    <line>
      <![CDATA[Element is not Present]]>
    </line>
    <line>
      <![CDATA[Tittle is matching :actiTIME - Login]]>
    </line>
    <line>
      <![CDATA[Tittle is matching :actiTIME - Enter Time-Track]]>
    </line>
  </reporter-output>
  <suite name="Suite" duration-ms="252901" started-at="2019-07-23T12:42:10Z" finished-at="2019-07-23T12:46:23Z">
    <groups>
    </groups>
    <test name="Test" duration-ms="252901" started-at="2019-07-23T12:42:10Z" finished-at="2019-07-23T12:46:23Z">
      <class name="com.actitime.tests.ValidLoginLogoutTest">
        <test-method status="PASS" signature="precondition()[pri:0, instance:com.actitime.tests.ValidLoginLogoutTest@1bce4f0a]" name="precondition" is-config="true" duration-ms="59338" started-at="2019-07-23T12:42:10Z" finished-at="2019-07-23T12:43:09Z">
          <reporter-output>
          </reporter-output>
        </test-method> <!-- precondition -->
        <test-method status="PASS" signature="testValidLoginLogout()[pri:1, instance:com.actitime.tests.ValidLoginLogoutTest@1bce4f0a]" name="testValidLoginLogout" duration-ms="7975" started-at="2019-07-23T12:43:09Z" finished-at="2019-07-23T12:43:17Z">
          <reporter-output>
            <line>
              <![CDATA[Tittle is matching :actiTIME - Login]]>
            </line>
            <line>
              <![CDATA[Tittle is matching :actiTIME - Enter Time-Track]]>
            </line>
            <line>
              <![CDATA[Tittle is matching :actiTIME - Login]]>
            </line>
          </reporter-output>
        </test-method> <!-- testValidLoginLogout -->
        <test-method status="PASS" signature="postcondition(org.testng.ITestResult)[pri:0, instance:com.actitime.tests.ValidLoginLogoutTest@1bce4f0a]" name="postcondition" is-config="true" duration-ms="2316" started-at="2019-07-23T12:43:17Z" finished-at="2019-07-23T12:43:20Z">
          <params>
            <param index="0">
              <value>
                <![CDATA[[TestResult name=testValidLoginLogout status=SUCCESS method=ValidLoginLogoutTest.testValidLoginLogout()[pri:1, instance:com.actitime.tests.ValidLoginLogoutTest@1bce4f0a] output=Tittle is matching :actiTIME - Login]]]>
              </value>
            </param>
          </params>
          <reporter-output>
          </reporter-output>
        </test-method> <!-- postcondition -->
      </class> <!-- com.actitime.tests.ValidLoginLogoutTest -->
      <class name="com.actitime.tests.InvalidLoginTest">
        <test-method status="PASS" signature="precondition()[pri:0, instance:com.actitime.tests.InvalidLoginTest@3bfdc050]" name="precondition" is-config="true" duration-ms="43481" started-at="2019-07-23T12:43:20Z" finished-at="2019-07-23T12:44:03Z">
          <reporter-output>
          </reporter-output>
        </test-method> <!-- precondition -->
        <test-method status="PASS" signature="testInvalidLogin()[pri:2, instance:com.actitime.tests.InvalidLoginTest@3bfdc050]" name="testInvalidLogin" duration-ms="17447" started-at="2019-07-23T12:44:03Z" finished-at="2019-07-23T12:44:21Z">
          <reporter-output>
            <line>
              <![CDATA[Tittle is matching :actiTIME - Login]]>
            </line>
            <line>
              <![CDATA[Invalid UN :admin]]>
            </line>
            <line>
              <![CDATA[Invalid pw :admin]]>
            </line>
            <line>
              <![CDATA[Element is Present]]>
            </line>
            <line>
              <![CDATA[Actual error Meassge is :Username or Password is invalid. Please try again.]]>
            </line>
            <line>
              <![CDATA[Expected error Meassge is :Username or Password is invalid. Please try again.]]>
            </line>
            <line>
              <![CDATA[Error message is matching...........]]>
            </line>
            <line>
              <![CDATA[===========================,]]>
            </line>
            <line>
              <![CDATA[Invalid UN :admin]]>
            </line>
            <line>
              <![CDATA[Invalid pw :mang]]>
            </line>
            <line>
              <![CDATA[Element is Present]]>
            </line>
            <line>
              <![CDATA[Actual error Meassge is :Username or Password is invalid. Please try again.]]>
            </line>
            <line>
              <![CDATA[Expected error Meassge is :Username or Password is invalid. Please try again.]]>
            </line>
            <line>
              <![CDATA[Error message is matching...........]]>
            </line>
            <line>
              <![CDATA[===========================,]]>
            </line>
            <line>
              <![CDATA[Invalid UN :admin]]>
            </line>
            <line>
              <![CDATA[Invalid pw :admin]]>
            </line>
            <line>
              <![CDATA[Element is Present]]>
            </line>
            <line>
              <![CDATA[Actual error Meassge is :Username or Password is invalid. Please try again.]]>
            </line>
            <line>
              <![CDATA[Expected error Meassge is :Username or Password is invalid. Please try again.]]>
            </line>
            <line>
              <![CDATA[Error message is matching...........]]>
            </line>
            <line>
              <![CDATA[===========================,]]>
            </line>
            <line>
              <![CDATA[Invalid UN :admin]]>
            </line>
            <line>
              <![CDATA[Invalid pw :admin]]>
            </line>
            <line>
              <![CDATA[Element is Present]]>
            </line>
            <line>
              <![CDATA[Actual error Meassge is :Username or Password is invalid. Please try again.]]>
            </line>
            <line>
              <![CDATA[Expected error Meassge is :Username or Password is invalid. Please try again.]]>
            </line>
            <line>
              <![CDATA[Error message is matching...........]]>
            </line>
            <line>
              <![CDATA[===========================,]]>
            </line>
            <line>
              <![CDATA[Invalid UN :mang]]>
            </line>
            <line>
              <![CDATA[Invalid pw :admin]]>
            </line>
            <line>
              <![CDATA[Element is Present]]>
            </line>
            <line>
              <![CDATA[Actual error Meassge is :Username or Password is invalid. Please try again.]]>
            </line>
            <line>
              <![CDATA[Expected error Meassge is :Username or Password is invalid. Please try again.]]>
            </line>
            <line>
              <![CDATA[Error message is matching...........]]>
            </line>
            <line>
              <![CDATA[===========================,]]>
            </line>
            <line>
              <![CDATA[Invalid UN :admin]]>
            </line>
            <line>
              <![CDATA[Invalid pw :admin]]>
            </line>
            <line>
              <![CDATA[Element is Present]]>
            </line>
            <line>
              <![CDATA[Actual error Meassge is :Username or Password is invalid. Please try again.]]>
            </line>
            <line>
              <![CDATA[Expected error Meassge is :Username or Password is invalid. Please try again.]]>
            </line>
            <line>
              <![CDATA[Error message is matching...........]]>
            </line>
            <line>
              <![CDATA[===========================,]]>
            </line>
          </reporter-output>
        </test-method> <!-- testInvalidLogin -->
        <test-method status="PASS" signature="postcondition(org.testng.ITestResult)[pri:0, instance:com.actitime.tests.InvalidLoginTest@3bfdc050]" name="postcondition" is-config="true" duration-ms="289" started-at="2019-07-23T12:44:21Z" finished-at="2019-07-23T12:44:21Z">
          <params>
            <param index="0">
              <value>
                <![CDATA[[TestResult name=testInvalidLogin status=SUCCESS method=InvalidLoginTest.testInvalidLogin()[pri:2, instance:com.actitime.tests.InvalidLoginTest@3bfdc050] output=Tittle is matching :actiTIME - Login]]]>
              </value>
            </param>
          </params>
          <reporter-output>
          </reporter-output>
        </test-method> <!-- postcondition -->
      </class> <!-- com.actitime.tests.InvalidLoginTest -->
      <class name="com.actitime.tests.VerfiyVersionTest">
        <test-method status="PASS" signature="precondition()[pri:0, instance:com.actitime.tests.VerfiyVersionTest@5e3a8624]" name="precondition" is-config="true" duration-ms="42221" started-at="2019-07-23T12:44:21Z" finished-at="2019-07-23T12:45:03Z">
          <reporter-output>
          </reporter-output>
        </test-method> <!-- precondition -->
        <test-method status="FAIL" signature="testVerifyVersion()[pri:3, instance:com.actitime.tests.VerfiyVersionTest@5e3a8624]" name="testVerifyVersion" duration-ms="30688" started-at="2019-07-23T12:45:03Z" finished-at="2019-07-23T12:45:34Z">
          <exception class="java.lang.AssertionError">
            <message>
              <![CDATA[null]]>
            </message>
            <full-stacktrace>
              <![CDATA[java.lang.AssertionError: null
at org.testng.Assert.fail(Assert.java:96)
at org.testng.Assert.fail(Assert.java:103)
at com.actitime.pages.BasePage.verifyElement(BasePage.java:45)
at com.actitime.pages.LoginPage.verifyVersion(LoginPage.java:58)
at com.actitime.tests.VerfiyVersionTest.testVerifyVersion(VerfiyVersionTest.java:22)
at sun.reflect.NativeMethodAccessorImpl.invoke0(Native Method)
at sun.reflect.NativeMethodAccessorImpl.invoke(Unknown Source)
at sun.reflect.DelegatingMethodAccessorImpl.invoke(Unknown Source)
at java.lang.reflect.Method.invoke(Unknown Source)
at org.testng.internal.MethodInvocationHelper.invokeMethod(MethodInvocationHelper.java:124)
at org.testng.internal.Invoker.invokeMethod(Invoker.java:580)
at org.testng.internal.Invoker.invokeTestMethod(Invoker.java:716)
at org.testng.internal.Invoker.invokeTestMethods(Invoker.java:988)
at org.testng.internal.TestMethodWorker.invokeTestMethods(TestMethodWorker.java:125)
at org.testng.internal.TestMethodWorker.run(TestMethodWorker.java:109)
at org.testng.TestRunner.privateRun(TestRunner.java:648)
at org.testng.TestRunner.run(TestRunner.java:505)
at org.testng.SuiteRunner.runTest(SuiteRunner.java:455)
at org.testng.SuiteRunner.runSequentially(SuiteRunner.java:450)
at org.testng.SuiteRunner.privateRun(SuiteRunner.java:415)
at org.testng.SuiteRunner.run(SuiteRunner.java:364)
at org.testng.SuiteRunnerWorker.runSuite(SuiteRunnerWorker.java:52)
at org.testng.SuiteRunnerWorker.run(SuiteRunnerWorker.java:84)
at org.testng.TestNG.runSuitesSequentially(TestNG.java:1208)
at org.testng.TestNG.runSuitesLocally(TestNG.java:1137)
at org.testng.TestNG.runSuites(TestNG.java:1049)
at org.testng.TestNG.run(TestNG.java:1017)
at org.testng.remote.AbstractRemoteTestNG.run(AbstractRemoteTestNG.java:114)
at org.testng.remote.RemoteTestNG.initAndRun(RemoteTestNG.java:251)
at org.testng.remote.RemoteTestNG.main(RemoteTestNG.java:77)
]]>
            </full-stacktrace>
          </exception> <!-- java.lang.AssertionError -->
          <reporter-output>
            <line>
              <![CDATA[Tittle is matching :actiTIME - Login]]>
            </line>
            <line>
              <![CDATA[Element is not Present]]>
            </line>
          </reporter-output>
        </test-method> <!-- testVerifyVersion -->
        <test-method status="PASS" signature="postcondition(org.testng.ITestResult)[pri:0, instance:com.actitime.tests.VerfiyVersionTest@5e3a8624]" name="postcondition" is-config="true" duration-ms="2827" started-at="2019-07-23T12:45:34Z" finished-at="2019-07-23T12:45:37Z">
          <params>
            <param index="0">
              <value>
                <![CDATA[[TestResult name=testVerifyVersion status=FAILURE method=VerfiyVersionTest.testVerifyVersion()[pri:3, instance:com.actitime.tests.VerfiyVersionTest@5e3a8624] output=Tittle is matching :actiTIME - Login]]]>
              </value>
            </param>
          </params>
          <reporter-output>
          </reporter-output>
        </test-method> <!-- postcondition -->
      </class> <!-- com.actitime.tests.VerfiyVersionTest -->
      <class name="com.actitime.tests.VerifyBuildNoTest">
        <test-method status="PASS" signature="precondition()[pri:0, instance:com.actitime.tests.VerifyBuildNoTest@5c3bd550]" name="precondition" is-config="true" duration-ms="24913" started-at="2019-07-23T12:45:37Z" finished-at="2019-07-23T12:46:01Z">
          <reporter-output>
          </reporter-output>
        </test-method> <!-- precondition -->
        <test-method status="FAIL" signature="testVerifyBuildNo()[pri:4, instance:com.actitime.tests.VerifyBuildNoTest@5c3bd550]" name="testVerifyBuildNo" duration-ms="18685" started-at="2019-07-23T12:46:01Z" finished-at="2019-07-23T12:46:20Z">
          <exception class="org.openqa.selenium.NoSuchElementException">
            <message>
              <![CDATA[no such element: Unable to locate element: {"method":"xpath","selector":"//div[@class='popup_menu_icon support_icon']"}
  (Session info: chrome=75.0.3770.142)
  (Driver info: chromedriver=2.43.600210 (68dcf5eebde37173d4027fa8635e332711d2874a),platform=Windows NT 6.1.7601 SP1 x86_64) (WARNING: The server did not provide any stacktrace information)
Command duration or timeout: 0 milliseconds
For documentation on this error, please visit: https://www.seleniumhq.org/exceptions/no_such_element.html
Build info: version: '3.141.59', revision: 'e82be7d358', time: '2018-11-14T08:17:03'
System info: host: 'RAGHAVENDRA', ip: '172.16.136.46', os.name: 'Windows 7', os.arch: 'amd64', os.version: '6.1', java.version: '1.8.0_181'
Driver info: org.openqa.selenium.chrome.ChromeDriver
Capabilities {acceptInsecureCerts: false, acceptSslCerts: false, applicationCacheEnabled: false, browserConnectionEnabled: false, browserName: chrome, chrome: {chromedriverVersion: 2.43.600210 (68dcf5eebde371..., userDataDir: C:\Users\RAGHAV~1\AppData\L...}, cssSelectorsEnabled: true, databaseEnabled: false, goog:chromeOptions: {debuggerAddress: localhost:49333}, handlesAlerts: true, hasTouchScreen: false, javascriptEnabled: true, locationContextEnabled: true, mobileEmulationEnabled: false, nativeEvents: true, networkConnectionEnabled: false, pageLoadStrategy: normal, platform: XP, platformName: XP, rotatable: false, setWindowRect: true, takesHeapSnapshot: true, takesScreenshot: true, unexpectedAlertBehaviour: , unhandledPromptBehavior: , version: 75.0.3770.142, webStorageEnabled: true}
Session ID: 2b4ad6adb5c864cde9611bd7fb7ad9b9
*** Element info: {Using=xpath, value=//div[@class='popup_menu_icon support_icon']}]]>
            </message>
            <full-stacktrace>
              <![CDATA[org.openqa.selenium.NoSuchElementException: no such element: Unable to locate element: {"method":"xpath","selector":"//div[@class='popup_menu_icon support_icon']"}
  (Session info: chrome=75.0.3770.142)
  (Driver info: chromedriver=2.43.600210 (68dcf5eebde37173d4027fa8635e332711d2874a),platform=Windows NT 6.1.7601 SP1 x86_64) (WARNING: The server did not provide any stacktrace information)
Command duration or timeout: 0 milliseconds
For documentation on this error, please visit: https://www.seleniumhq.org/exceptions/no_such_element.html
Build info: version: '3.141.59', revision: 'e82be7d358', time: '2018-11-14T08:17:03'
System info: host: 'RAGHAVENDRA', ip: '172.16.136.46', os.name: 'Windows 7', os.arch: 'amd64', os.version: '6.1', java.version: '1.8.0_181'
Driver info: org.openqa.selenium.chrome.ChromeDriver
Capabilities {acceptInsecureCerts: false, acceptSslCerts: false, applicationCacheEnabled: false, browserConnectionEnabled: false, browserName: chrome, chrome: {chromedriverVersion: 2.43.600210 (68dcf5eebde371..., userDataDir: C:\Users\RAGHAV~1\AppData\L...}, cssSelectorsEnabled: true, databaseEnabled: false, goog:chromeOptions: {debuggerAddress: localhost:49333}, handlesAlerts: true, hasTouchScreen: false, javascriptEnabled: true, locationContextEnabled: true, mobileEmulationEnabled: false, nativeEvents: true, networkConnectionEnabled: false, pageLoadStrategy: normal, platform: XP, platformName: XP, rotatable: false, setWindowRect: true, takesHeapSnapshot: true, takesScreenshot: true, unexpectedAlertBehaviour: , unhandledPromptBehavior: , version: 75.0.3770.142, webStorageEnabled: true}
Session ID: 2b4ad6adb5c864cde9611bd7fb7ad9b9
*** Element info: {Using=xpath, value=//div[@class='popup_menu_icon support_icon']}
at sun.reflect.NativeConstructorAccessorImpl.newInstance0(Native Method)
at sun.reflect.NativeConstructorAccessorImpl.newInstance(Unknown Source)
at sun.reflect.DelegatingConstructorAccessorImpl.newInstance(Unknown Source)
at java.lang.reflect.Constructor.newInstance(Unknown Source)
at org.openqa.selenium.remote.ErrorHandler.createThrowable(ErrorHandler.java:214)
at org.openqa.selenium.remote.ErrorHandler.throwIfResponseFailed(ErrorHandler.java:166)
at org.openqa.selenium.remote.http.JsonHttpResponseCodec.reconstructValue(JsonHttpResponseCodec.java:40)
at org.openqa.selenium.remote.http.AbstractHttpResponseCodec.decode(AbstractHttpResponseCodec.java:80)
at org.openqa.selenium.remote.http.AbstractHttpResponseCodec.decode(AbstractHttpResponseCodec.java:44)
at org.openqa.selenium.remote.HttpCommandExecutor.execute(HttpCommandExecutor.java:158)
at org.openqa.selenium.remote.service.DriverCommandExecutor.execute(DriverCommandExecutor.java:83)
at org.openqa.selenium.remote.RemoteWebDriver.execute(RemoteWebDriver.java:552)
at org.openqa.selenium.remote.RemoteWebDriver.findElement(RemoteWebDriver.java:323)
at org.openqa.selenium.remote.RemoteWebDriver.findElementByXPath(RemoteWebDriver.java:428)
at org.openqa.selenium.By$ByXPath.findElement(By.java:353)
at org.openqa.selenium.remote.RemoteWebDriver.findElement(RemoteWebDriver.java:315)
at org.openqa.selenium.support.pagefactory.DefaultElementLocator.findElement(DefaultElementLocator.java:69)
at org.openqa.selenium.support.pagefactory.internal.LocatingElementHandler.invoke(LocatingElementHandler.java:38)
at com.sun.proxy.$Proxy9.click(Unknown Source)
at com.actitime.pages.EnterTimeTrackerPage.clickOnHelp(EnterTimeTrackerPage.java:37)
at com.actitime.tests.VerifyBuildNoTest.testVerifyBuildNo(VerifyBuildNoTest.java:44)
at sun.reflect.NativeMethodAccessorImpl.invoke0(Native Method)
at sun.reflect.NativeMethodAccessorImpl.invoke(Unknown Source)
at sun.reflect.DelegatingMethodAccessorImpl.invoke(Unknown Source)
at java.lang.reflect.Method.invoke(Unknown Source)
at org.testng.internal.MethodInvocationHelper.invokeMethod(MethodInvocationHelper.java:124)
at org.testng.internal.Invoker.invokeMethod(Invoker.java:580)
at org.testng.internal.Invoker.invokeTestMethod(Invoker.java:716)
at org.testng.internal.Invoker.invokeTestMethods(Invoker.java:988)
at org.testng.internal.TestMethodWorker.invokeTestMethods(TestMethodWorker.java:125)
at org.testng.internal.TestMethodWorker.run(TestMethodWorker.java:109)
at org.testng.TestRunner.privateRun(TestRunner.java:648)
at org.testng.TestRunner.run(TestRunner.java:505)
at org.testng.SuiteRunner.runTest(SuiteRunner.java:455)
at org.testng.SuiteRunner.runSequentially(SuiteRunner.java:450)
at org.testng.SuiteRunner.privateRun(SuiteRunner.java:415)
at org.testng.SuiteRunner.run(SuiteRunner.java:364)
at org.testng.SuiteRunnerWorker.runSuite(SuiteRunnerWorker.java:52)
at org.testng.SuiteRunnerWorker.run(SuiteRunnerWorker.java:84)
at org.testng.TestNG.runSuitesSequentially(TestNG.java:1208)
at org.testng.TestNG.runSuitesLocally(TestNG.java:1137)
at org.testng.TestNG.runSuites(TestNG.java:1049)
at org.testng.TestNG.run(TestNG.java:1017)
at org.testng.remote.AbstractRemoteTestNG.run(AbstractRemoteTestNG.java:114)
at org.testng.remote.RemoteTestNG.initAndRun(RemoteTestNG.java:251)
at org.testng.remote.RemoteTestNG.main(RemoteTestNG.java:77)
]]>
            </full-stacktrace>
          </exception> <!-- org.openqa.selenium.NoSuchElementException -->
          <reporter-output>
            <line>
              <![CDATA[Tittle is matching :actiTIME - Login]]>
            </line>
            <line>
              <![CDATA[Tittle is matching :actiTIME - Enter Time-Track]]>
            </line>
          </reporter-output>
        </test-method> <!-- testVerifyBuildNo -->
        <test-method status="PASS" signature="postcondition(org.testng.ITestResult)[pri:0, instance:com.actitime.tests.VerifyBuildNoTest@5c3bd550]" name="postcondition" is-config="true" duration-ms="2691" started-at="2019-07-23T12:46:20Z" finished-at="2019-07-23T12:46:23Z">
          <params>
            <param index="0">
              <value>
                <![CDATA[[TestResult name=testVerifyBuildNo status=FAILURE method=VerifyBuildNoTest.testVerifyBuildNo()[pri:4, instance:com.actitime.tests.VerifyBuildNoTest@5c3bd550] output=Tittle is matching :actiTIME - Login]]]>
              </value>
            </param>
          </params>
          <reporter-output>
          </reporter-output>
        </test-method> <!-- postcondition -->
      </class> <!-- com.actitime.tests.VerifyBuildNoTest -->
    </test> <!-- Test -->
  </suite> <!-- Suite -->
</testng-results>
